<?xml version="1.0" encoding="UTF-8"?>
<!-- Generated by org.testng.reporters.JUnitReportReporter -->
<testsuite hostname="Aarush" failures="0" tests="5" name="com.facebook.qa.testcases.SignUpTest" time="98.049" errors="0" timestamp="04 May 2019 11:00:09 GMT" skipped="0">
  <testcase classname="com.facebook.qa.testcases.SignUpTest" name="Title" time="10.483"/>
  <testcase classname="com.facebook.qa.testcases.SignUpTest" name="CreateNewUser" time="22.693"/>
  <testcase classname="com.facebook.qa.testcases.SignUpTest" name="CreateNewUser" time="21.163"/>
  <testcase classname="com.facebook.qa.testcases.SignUpTest" name="CreateNewUser" time="21.772"/>
  <testcase classname="com.facebook.qa.testcases.SignUpTest" name="CreateNewUser" time="21.938"/>
</testsuite> <!-- com.facebook.qa.testcases.SignUpTest -->
